<?xml version="1.0" encoding="UTF-8"?>
<testsuite name="ch.unibas.cs.p9.fs18.example.HelloWorldTest" tests="1" skipped="0" failures="0" errors="0" timestamp="2018-03-13T17:14:05" hostname="CURRY-SURFACE4" time="0.004">
  <properties/>
  <testcase name="testMain" classname="ch.unibas.cs.p9.fs18.example.HelloWorldTest" time="0.004"/>
  <system-out><![CDATA[]]></system-out>
  <system-err><![CDATA[]]></system-err>
</testsuite>
